{"/Users/samihult/dev/v0-flashcard-app-development/lib/content/content-display.ts": {"path":"/Users/samihult/dev/v0-flashcard-app-development/lib/content/content-display.ts","all":false,"statementMap":{"0":{"start":{"line":1,"column":0},"end":{"line":1,"column":72}},"1":{"start":{"line":2,"column":0},"end":{"line":2,"column":0}},"2":{"start":{"line":3,"column":0},"end":{"line":3,"column":63}},"3":{"start":{"line":4,"column":0},"end":{"line":4,"column":33}},"4":{"start":{"line":5,"column":0},"end":{"line":5,"column":43}},"5":{"start":{"line":6,"column":0},"end":{"line":6,"column":23}},"6":{"start":{"line":7,"column":0},"end":{"line":7,"column":11}},"7":{"start":{"line":8,"column":0},"end":{"line":8,"column":23}},"8":{"start":{"line":9,"column":0},"end":{"line":9,"column":44}},"9":{"start":{"line":10,"column":0},"end":{"line":10,"column":0}},"10":{"start":{"line":11,"column":0},"end":{"line":11,"column":51}},"11":{"start":{"line":12,"column":0},"end":{"line":12,"column":60}},"12":{"start":{"line":13,"column":0},"end":{"line":13,"column":3}},"13":{"start":{"line":14,"column":0},"end":{"line":14,"column":0}},"14":{"start":{"line":15,"column":0},"end":{"line":15,"column":71}},"15":{"start":{"line":16,"column":0},"end":{"line":16,"column":1}},"16":{"start":{"line":17,"column":0},"end":{"line":17,"column":0}},"17":{"start":{"line":18,"column":0},"end":{"line":18,"column":66}},"18":{"start":{"line":19,"column":0},"end":{"line":19,"column":35}},"19":{"start":{"line":20,"column":0},"end":{"line":20,"column":23}},"20":{"start":{"line":21,"column":0},"end":{"line":21,"column":42}},"21":{"start":{"line":22,"column":0},"end":{"line":22,"column":11}},"22":{"start":{"line":23,"column":0},"end":{"line":23,"column":30}},"23":{"start":{"line":24,"column":0},"end":{"line":24,"column":33}},"24":{"start":{"line":25,"column":0},"end":{"line":25,"column":12}},"25":{"start":{"line":26,"column":0},"end":{"line":26,"column":29}},"26":{"start":{"line":27,"column":0},"end":{"line":27,"column":26}},"27":{"start":{"line":28,"column":0},"end":{"line":28,"column":25}},"28":{"start":{"line":29,"column":0},"end":{"line":29,"column":24}},"29":{"start":{"line":30,"column":0},"end":{"line":30,"column":28}},"30":{"start":{"line":31,"column":0},"end":{"line":31,"column":8}},"31":{"start":{"line":32,"column":0},"end":{"line":32,"column":6}},"32":{"start":{"line":33,"column":0},"end":{"line":33,"column":3}},"33":{"start":{"line":34,"column":0},"end":{"line":34,"column":0}},"34":{"start":{"line":35,"column":0},"end":{"line":35,"column":10}},"35":{"start":{"line":36,"column":0},"end":{"line":36,"column":22}},"36":{"start":{"line":37,"column":0},"end":{"line":37,"column":23}},"37":{"start":{"line":38,"column":0},"end":{"line":38,"column":24}},"38":{"start":{"line":39,"column":0},"end":{"line":39,"column":27}},"39":{"start":{"line":40,"column":0},"end":{"line":40,"column":26}},"40":{"start":{"line":41,"column":0},"end":{"line":41,"column":6}},"41":{"start":{"line":42,"column":0},"end":{"line":42,"column":4}},"42":{"start":{"line":43,"column":0},"end":{"line":43,"column":1}},"43":{"start":{"line":44,"column":0},"end":{"line":44,"column":0}},"44":{"start":{"line":45,"column":0},"end":{"line":45,"column":80}},"45":{"start":{"line":46,"column":0},"end":{"line":46,"column":38}},"46":{"start":{"line":47,"column":0},"end":{"line":47,"column":26}},"47":{"start":{"line":48,"column":0},"end":{"line":48,"column":23}},"48":{"start":{"line":49,"column":0},"end":{"line":49,"column":11}},"49":{"start":{"line":50,"column":0},"end":{"line":50,"column":47}},"50":{"start":{"line":51,"column":0},"end":{"line":51,"column":31}},"51":{"start":{"line":52,"column":0},"end":{"line":52,"column":60}},"52":{"start":{"line":53,"column":0},"end":{"line":53,"column":1}},"53":{"start":{"line":54,"column":0},"end":{"line":54,"column":0}},"54":{"start":{"line":55,"column":0},"end":{"line":55,"column":65}},"55":{"start":{"line":56,"column":0},"end":{"line":56,"column":41}},"56":{"start":{"line":57,"column":0},"end":{"line":57,"column":26}},"57":{"start":{"line":58,"column":0},"end":{"line":58,"column":29}},"58":{"start":{"line":59,"column":0},"end":{"line":59,"column":19}},"59":{"start":{"line":60,"column":0},"end":{"line":60,"column":37}},"60":{"start":{"line":61,"column":0},"end":{"line":61,"column":37}},"61":{"start":{"line":62,"column":0},"end":{"line":62,"column":20}},"62":{"start":{"line":63,"column":0},"end":{"line":63,"column":49}},"63":{"start":{"line":64,"column":0},"end":{"line":64,"column":32}},"64":{"start":{"line":65,"column":0},"end":{"line":65,"column":13}},"65":{"start":{"line":66,"column":0},"end":{"line":66,"column":0}},"66":{"start":{"line":67,"column":0},"end":{"line":67,"column":35}},"67":{"start":{"line":68,"column":0},"end":{"line":68,"column":62}},"68":{"start":{"line":69,"column":0},"end":{"line":69,"column":46}},"69":{"start":{"line":70,"column":0},"end":{"line":70,"column":5}},"70":{"start":{"line":71,"column":0},"end":{"line":71,"column":1}}},"s":{"0":1,"1":1,"2":1,"3":1,"4":50,"5":50,"6":50,"7":50,"8":50,"9":3,"10":3,"11":3,"12":3,"13":0,"14":50,"15":50,"16":1,"17":1,"18":1,"19":0,"20":0,"21":0,"22":0,"23":0,"24":0,"25":0,"26":0,"27":0,"28":0,"29":0,"30":0,"31":0,"32":0,"33":0,"34":0,"35":0,"36":0,"37":0,"38":0,"39":0,"40":0,"41":0,"42":0,"43":1,"44":1,"45":1,"46":0,"47":0,"48":0,"49":0,"50":0,"51":0,"52":0,"53":1,"54":1,"55":1,"56":0,"57":0,"58":0,"59":0,"60":0,"61":0,"62":0,"63":0,"64":0,"65":0,"66":0,"67":0,"68":0,"69":0,"70":0},"branchMap":{"0":{"type":"branch","line":4,"loc":{"start":{"line":4,"column":7},"end":{"line":16,"column":1}},"locations":[{"start":{"line":4,"column":7},"end":{"line":16,"column":1}}]},"1":{"type":"branch","line":8,"loc":{"start":{"line":8,"column":13},"end":{"line":8,"column":23}},"locations":[{"start":{"line":8,"column":13},"end":{"line":8,"column":23}}]},"2":{"type":"branch","line":8,"loc":{"start":{"line":8,"column":20},"end":{"line":9,"column":32}},"locations":[{"start":{"line":8,"column":20},"end":{"line":9,"column":32}}]},"3":{"type":"branch","line":9,"loc":{"start":{"line":9,"column":32},"end":{"line":9,"column":44}},"locations":[{"start":{"line":9,"column":32},"end":{"line":9,"column":44}}]},"4":{"type":"branch","line":9,"loc":{"start":{"line":9,"column":39},"end":{"line":13,"column":3}},"locations":[{"start":{"line":9,"column":39},"end":{"line":13,"column":3}}]},"5":{"type":"branch","line":12,"loc":{"start":{"line":12,"column":53},"end":{"line":12,"column":60}},"locations":[{"start":{"line":12,"column":53},"end":{"line":12,"column":60}}]},"6":{"type":"branch","line":13,"loc":{"start":{"line":13,"column":2},"end":{"line":15,"column":27}},"locations":[{"start":{"line":13,"column":2},"end":{"line":15,"column":27}}]},"7":{"type":"branch","line":15,"loc":{"start":{"line":15,"column":27},"end":{"line":15,"column":38}},"locations":[{"start":{"line":15,"column":27},"end":{"line":15,"column":38}}]},"8":{"type":"branch","line":15,"loc":{"start":{"line":15,"column":38},"end":{"line":15,"column":64}},"locations":[{"start":{"line":15,"column":38},"end":{"line":15,"column":64}}]},"9":{"type":"branch","line":15,"loc":{"start":{"line":15,"column":64},"end":{"line":15,"column":71}},"locations":[{"start":{"line":15,"column":64},"end":{"line":15,"column":71}}]}},"b":{"0":[50],"1":[47],"2":[3],"3":[0],"4":[3],"5":[0],"6":[0],"7":[0],"8":[0],"9":[0]},"fnMap":{"0":{"name":"getLocalizedText","decl":{"start":{"line":4,"column":7},"end":{"line":16,"column":1}},"loc":{"start":{"line":4,"column":7},"end":{"line":16,"column":1}},"line":4},"1":{"name":"getSpeciesImageUrl","decl":{"start":{"line":19,"column":7},"end":{"line":43,"column":1}},"loc":{"start":{"line":19,"column":7},"end":{"line":43,"column":1}},"line":19},"2":{"name":"getSpeciesDescription","decl":{"start":{"line":46,"column":7},"end":{"line":53,"column":1}},"loc":{"start":{"line":46,"column":7},"end":{"line":53,"column":1}},"line":46},"3":{"name":"getSpeciesImagesWithUrls","decl":{"start":{"line":56,"column":7},"end":{"line":71,"column":1}},"loc":{"start":{"line":56,"column":7},"end":{"line":71,"column":1}},"line":56}},"f":{"0":50,"1":0,"2":0,"3":0}}
,"/Users/samihult/dev/v0-flashcard-app-development/lib/content/species-taxonomy-tree.ts": {"path":"/Users/samihult/dev/v0-flashcard-app-development/lib/content/species-taxonomy-tree.ts","all":false,"statementMap":{"0":{"start":{"line":1,"column":0},"end":{"line":1,"column":65}},"1":{"start":{"line":2,"column":0},"end":{"line":2,"column":64}},"2":{"start":{"line":3,"column":0},"end":{"line":3,"column":0}},"3":{"start":{"line":4,"column":0},"end":{"line":4,"column":73}},"4":{"start":{"line":5,"column":0},"end":{"line":5,"column":46}},"5":{"start":{"line":6,"column":0},"end":{"line":6,"column":11}},"6":{"start":{"line":7,"column":0},"end":{"line":7,"column":12}},"7":{"start":{"line":8,"column":0},"end":{"line":8,"column":11}},"8":{"start":{"line":9,"column":0},"end":{"line":9,"column":10}},"9":{"start":{"line":10,"column":0},"end":{"line":10,"column":10}},"10":{"start":{"line":11,"column":0},"end":{"line":11,"column":11}},"11":{"start":{"line":12,"column":0},"end":{"line":12,"column":10}},"12":{"start":{"line":13,"column":0},"end":{"line":13,"column":11}},"13":{"start":{"line":14,"column":0},"end":{"line":14,"column":0}},"14":{"start":{"line":15,"column":0},"end":{"line":15,"column":63}},"15":{"start":{"line":16,"column":0},"end":{"line":16,"column":39}},"16":{"start":{"line":17,"column":0},"end":{"line":17,"column":35}},"17":{"start":{"line":18,"column":0},"end":{"line":18,"column":12}},"18":{"start":{"line":19,"column":0},"end":{"line":19,"column":11}},"19":{"start":{"line":20,"column":0},"end":{"line":20,"column":0}},"20":{"start":{"line":21,"column":0},"end":{"line":21,"column":60}},"21":{"start":{"line":22,"column":0},"end":{"line":22,"column":39}},"22":{"start":{"line":23,"column":0},"end":{"line":23,"column":49}},"23":{"start":{"line":24,"column":0},"end":{"line":24,"column":0}},"24":{"start":{"line":25,"column":0},"end":{"line":25,"column":63}},"25":{"start":{"line":26,"column":0},"end":{"line":26,"column":74}},"26":{"start":{"line":27,"column":0},"end":{"line":27,"column":0}},"27":{"start":{"line":28,"column":0},"end":{"line":28,"column":62}},"28":{"start":{"line":29,"column":0},"end":{"line":29,"column":44}},"29":{"start":{"line":30,"column":0},"end":{"line":30,"column":56}},"30":{"start":{"line":31,"column":0},"end":{"line":31,"column":13}},"31":{"start":{"line":32,"column":0},"end":{"line":32,"column":50}},"32":{"start":{"line":33,"column":0},"end":{"line":33,"column":34}},"33":{"start":{"line":34,"column":0},"end":{"line":34,"column":44}},"34":{"start":{"line":35,"column":0},"end":{"line":35,"column":22}},"35":{"start":{"line":36,"column":0},"end":{"line":36,"column":57}},"36":{"start":{"line":37,"column":0},"end":{"line":37,"column":26}},"37":{"start":{"line":38,"column":0},"end":{"line":38,"column":67}},"38":{"start":{"line":39,"column":0},"end":{"line":39,"column":26}},"39":{"start":{"line":40,"column":0},"end":{"line":40,"column":40}},"40":{"start":{"line":41,"column":0},"end":{"line":41,"column":23}},"41":{"start":{"line":42,"column":0},"end":{"line":42,"column":50}},"42":{"start":{"line":43,"column":0},"end":{"line":43,"column":27}},"43":{"start":{"line":44,"column":0},"end":{"line":44,"column":44}},"44":{"start":{"line":45,"column":0},"end":{"line":45,"column":38}},"45":{"start":{"line":46,"column":0},"end":{"line":46,"column":1}},"46":{"start":{"line":47,"column":0},"end":{"line":47,"column":0}},"47":{"start":{"line":48,"column":0},"end":{"line":48,"column":58}},"48":{"start":{"line":49,"column":0},"end":{"line":49,"column":42}},"49":{"start":{"line":50,"column":0},"end":{"line":50,"column":67}},"50":{"start":{"line":51,"column":0},"end":{"line":51,"column":13}},"51":{"start":{"line":52,"column":0},"end":{"line":52,"column":33}},"52":{"start":{"line":53,"column":0},"end":{"line":53,"column":18}},"53":{"start":{"line":54,"column":0},"end":{"line":54,"column":57}},"54":{"start":{"line":55,"column":0},"end":{"line":55,"column":19}},"55":{"start":{"line":56,"column":0},"end":{"line":56,"column":42}},"56":{"start":{"line":57,"column":0},"end":{"line":57,"column":22}},"57":{"start":{"line":58,"column":0},"end":{"line":58,"column":42}},"58":{"start":{"line":59,"column":0},"end":{"line":59,"column":25}},"59":{"start":{"line":60,"column":0},"end":{"line":60,"column":46}},"60":{"start":{"line":61,"column":0},"end":{"line":61,"column":26}},"61":{"start":{"line":62,"column":0},"end":{"line":62,"column":1}},"62":{"start":{"line":63,"column":0},"end":{"line":63,"column":0}},"63":{"start":{"line":64,"column":0},"end":{"line":64,"column":70}},"64":{"start":{"line":65,"column":0},"end":{"line":65,"column":37}},"65":{"start":{"line":66,"column":0},"end":{"line":66,"column":29}},"66":{"start":{"line":67,"column":0},"end":{"line":67,"column":28}},"67":{"start":{"line":68,"column":0},"end":{"line":68,"column":0}},"68":{"start":{"line":69,"column":0},"end":{"line":69,"column":65}},"69":{"start":{"line":70,"column":0},"end":{"line":70,"column":49}},"70":{"start":{"line":71,"column":0},"end":{"line":71,"column":67}},"71":{"start":{"line":72,"column":0},"end":{"line":72,"column":21}},"72":{"start":{"line":73,"column":0},"end":{"line":73,"column":60}},"73":{"start":{"line":74,"column":0},"end":{"line":74,"column":40}},"74":{"start":{"line":75,"column":0},"end":{"line":75,"column":69}},"75":{"start":{"line":76,"column":0},"end":{"line":76,"column":68}},"76":{"start":{"line":77,"column":0},"end":{"line":77,"column":65}},"77":{"start":{"line":78,"column":0},"end":{"line":78,"column":25}},"78":{"start":{"line":79,"column":0},"end":{"line":79,"column":1}},"79":{"start":{"line":80,"column":0},"end":{"line":80,"column":0}},"80":{"start":{"line":81,"column":0},"end":{"line":81,"column":82}},"81":{"start":{"line":82,"column":0},"end":{"line":82,"column":64}},"82":{"start":{"line":83,"column":0},"end":{"line":83,"column":0}},"83":{"start":{"line":84,"column":0},"end":{"line":84,"column":26}},"84":{"start":{"line":85,"column":0},"end":{"line":85,"column":46}},"85":{"start":{"line":86,"column":0},"end":{"line":86,"column":14}},"86":{"start":{"line":87,"column":0},"end":{"line":87,"column":46}},"87":{"start":{"line":88,"column":0},"end":{"line":88,"column":22}},"88":{"start":{"line":89,"column":0},"end":{"line":89,"column":53}},"89":{"start":{"line":90,"column":0},"end":{"line":90,"column":26}},"90":{"start":{"line":91,"column":0},"end":{"line":91,"column":44}},"91":{"start":{"line":92,"column":0},"end":{"line":92,"column":26}},"92":{"start":{"line":93,"column":0},"end":{"line":93,"column":1}},"93":{"start":{"line":94,"column":0},"end":{"line":94,"column":0}},"94":{"start":{"line":95,"column":0},"end":{"line":95,"column":30}},"95":{"start":{"line":96,"column":0},"end":{"line":96,"column":56}},"96":{"start":{"line":97,"column":0},"end":{"line":97,"column":13}},"97":{"start":{"line":98,"column":0},"end":{"line":98,"column":21}},"98":{"start":{"line":99,"column":0},"end":{"line":99,"column":34}},"99":{"start":{"line":100,"column":0},"end":{"line":100,"column":33}},"100":{"start":{"line":101,"column":0},"end":{"line":101,"column":22}},"101":{"start":{"line":102,"column":0},"end":{"line":102,"column":53}},"102":{"start":{"line":103,"column":0},"end":{"line":103,"column":26}},"103":{"start":{"line":104,"column":0},"end":{"line":104,"column":34}},"104":{"start":{"line":105,"column":0},"end":{"line":105,"column":26}},"105":{"start":{"line":106,"column":0},"end":{"line":106,"column":40}},"106":{"start":{"line":107,"column":0},"end":{"line":107,"column":23}},"107":{"start":{"line":108,"column":0},"end":{"line":108,"column":65}},"108":{"start":{"line":109,"column":0},"end":{"line":109,"column":47}},"109":{"start":{"line":110,"column":0},"end":{"line":110,"column":1}},"110":{"start":{"line":111,"column":0},"end":{"line":111,"column":0}},"111":{"start":{"line":112,"column":0},"end":{"line":112,"column":74}},"112":{"start":{"line":113,"column":0},"end":{"line":113,"column":0}},"113":{"start":{"line":114,"column":0},"end":{"line":114,"column":74}},"114":{"start":{"line":115,"column":0},"end":{"line":115,"column":22}},"115":{"start":{"line":116,"column":0},"end":{"line":116,"column":24}},"116":{"start":{"line":117,"column":0},"end":{"line":117,"column":22}},"117":{"start":{"line":118,"column":0},"end":{"line":118,"column":20}},"118":{"start":{"line":119,"column":0},"end":{"line":119,"column":20}},"119":{"start":{"line":120,"column":0},"end":{"line":120,"column":22}},"120":{"start":{"line":121,"column":0},"end":{"line":121,"column":20}},"121":{"start":{"line":122,"column":0},"end":{"line":122,"column":2}},"122":{"start":{"line":123,"column":0},"end":{"line":123,"column":0}},"123":{"start":{"line":124,"column":0},"end":{"line":124,"column":32}},"124":{"start":{"line":125,"column":0},"end":{"line":125,"column":40}},"125":{"start":{"line":126,"column":0},"end":{"line":126,"column":34}},"126":{"start":{"line":127,"column":0},"end":{"line":127,"column":36}},"127":{"start":{"line":128,"column":0},"end":{"line":128,"column":49}},"128":{"start":{"line":129,"column":0},"end":{"line":129,"column":62}},"129":{"start":{"line":130,"column":0},"end":{"line":130,"column":1}},"130":{"start":{"line":131,"column":0},"end":{"line":131,"column":0}},"131":{"start":{"line":132,"column":0},"end":{"line":132,"column":35}},"132":{"start":{"line":133,"column":0},"end":{"line":133,"column":19}},"133":{"start":{"line":134,"column":0},"end":{"line":134,"column":34}},"134":{"start":{"line":135,"column":0},"end":{"line":135,"column":32}},"135":{"start":{"line":136,"column":0},"end":{"line":136,"column":26}},"136":{"start":{"line":137,"column":0},"end":{"line":137,"column":12}},"137":{"start":{"line":138,"column":0},"end":{"line":138,"column":56}},"138":{"start":{"line":139,"column":0},"end":{"line":139,"column":6}},"139":{"start":{"line":140,"column":0},"end":{"line":140,"column":3}},"140":{"start":{"line":141,"column":0},"end":{"line":141,"column":0}},"141":{"start":{"line":142,"column":0},"end":{"line":142,"column":25}},"142":{"start":{"line":143,"column":0},"end":{"line":143,"column":12}},"143":{"start":{"line":144,"column":0},"end":{"line":144,"column":55}},"144":{"start":{"line":145,"column":0},"end":{"line":145,"column":6}},"145":{"start":{"line":146,"column":0},"end":{"line":146,"column":3}},"146":{"start":{"line":147,"column":0},"end":{"line":147,"column":0}},"147":{"start":{"line":148,"column":0},"end":{"line":148,"column":12}},"148":{"start":{"line":149,"column":0},"end":{"line":149,"column":1}},"149":{"start":{"line":150,"column":0},"end":{"line":150,"column":0}},"150":{"start":{"line":151,"column":0},"end":{"line":151,"column":44}},"151":{"start":{"line":152,"column":0},"end":{"line":152,"column":19}},"152":{"start":{"line":153,"column":0},"end":{"line":153,"column":34}},"153":{"start":{"line":154,"column":0},"end":{"line":154,"column":40}},"154":{"start":{"line":155,"column":0},"end":{"line":155,"column":23}},"155":{"start":{"line":156,"column":0},"end":{"line":156,"column":26}},"156":{"start":{"line":157,"column":0},"end":{"line":157,"column":28}},"157":{"start":{"line":158,"column":0},"end":{"line":158,"column":40}},"158":{"start":{"line":159,"column":0},"end":{"line":159,"column":24}},"159":{"start":{"line":160,"column":0},"end":{"line":160,"column":6}},"160":{"start":{"line":161,"column":0},"end":{"line":161,"column":3}},"161":{"start":{"line":162,"column":0},"end":{"line":162,"column":0}},"162":{"start":{"line":163,"column":0},"end":{"line":163,"column":25}},"163":{"start":{"line":164,"column":0},"end":{"line":164,"column":28}},"164":{"start":{"line":165,"column":0},"end":{"line":165,"column":39}},"165":{"start":{"line":166,"column":0},"end":{"line":166,"column":24}},"166":{"start":{"line":167,"column":0},"end":{"line":167,"column":6}},"167":{"start":{"line":168,"column":0},"end":{"line":168,"column":3}},"168":{"start":{"line":169,"column":0},"end":{"line":169,"column":0}},"169":{"start":{"line":170,"column":0},"end":{"line":170,"column":19}},"170":{"start":{"line":171,"column":0},"end":{"line":171,"column":1}},"171":{"start":{"line":172,"column":0},"end":{"line":172,"column":0}},"172":{"start":{"line":173,"column":0},"end":{"line":173,"column":39}},"173":{"start":{"line":174,"column":0},"end":{"line":174,"column":19}},"174":{"start":{"line":175,"column":0},"end":{"line":175,"column":34}},"175":{"start":{"line":176,"column":0},"end":{"line":176,"column":40}},"176":{"start":{"line":177,"column":0},"end":{"line":177,"column":79}},"177":{"start":{"line":178,"column":0},"end":{"line":178,"column":20}},"178":{"start":{"line":179,"column":0},"end":{"line":179,"column":47}},"179":{"start":{"line":180,"column":0},"end":{"line":180,"column":33}},"180":{"start":{"line":181,"column":0},"end":{"line":181,"column":16}},"181":{"start":{"line":182,"column":0},"end":{"line":182,"column":4}},"182":{"start":{"line":183,"column":0},"end":{"line":183,"column":80}},"183":{"start":{"line":184,"column":0},"end":{"line":184,"column":24}},"184":{"start":{"line":185,"column":0},"end":{"line":185,"column":67}},"185":{"start":{"line":186,"column":0},"end":{"line":186,"column":33}},"186":{"start":{"line":187,"column":0},"end":{"line":187,"column":21}},"187":{"start":{"line":188,"column":0},"end":{"line":188,"column":49}},"188":{"start":{"line":189,"column":0},"end":{"line":189,"column":31}},"189":{"start":{"line":190,"column":0},"end":{"line":190,"column":8}},"190":{"start":{"line":191,"column":0},"end":{"line":191,"column":39}},"191":{"start":{"line":192,"column":0},"end":{"line":192,"column":21}},"192":{"start":{"line":193,"column":0},"end":{"line":193,"column":18}},"193":{"start":{"line":194,"column":0},"end":{"line":194,"column":31}},"194":{"start":{"line":195,"column":0},"end":{"line":195,"column":6}},"195":{"start":{"line":196,"column":0},"end":{"line":196,"column":21}},"196":{"start":{"line":197,"column":0},"end":{"line":197,"column":63}},"197":{"start":{"line":198,"column":0},"end":{"line":198,"column":24}},"198":{"start":{"line":199,"column":0},"end":{"line":199,"column":70}},"199":{"start":{"line":200,"column":0},"end":{"line":200,"column":31}},"200":{"start":{"line":201,"column":0},"end":{"line":201,"column":18}},"201":{"start":{"line":202,"column":0},"end":{"line":202,"column":0}},"202":{"start":{"line":203,"column":0},"end":{"line":203,"column":10}},"203":{"start":{"line":204,"column":0},"end":{"line":204,"column":8}},"204":{"start":{"line":205,"column":0},"end":{"line":205,"column":80}},"205":{"start":{"line":206,"column":0},"end":{"line":206,"column":16}},"206":{"start":{"line":207,"column":0},"end":{"line":207,"column":50}},"207":{"start":{"line":208,"column":0},"end":{"line":208,"column":50}},"208":{"start":{"line":209,"column":0},"end":{"line":209,"column":4}},"209":{"start":{"line":210,"column":0},"end":{"line":210,"column":1}},"210":{"start":{"line":211,"column":0},"end":{"line":211,"column":0}},"211":{"start":{"line":212,"column":0},"end":{"line":212,"column":24}},"212":{"start":{"line":213,"column":0},"end":{"line":213,"column":19}},"213":{"start":{"line":214,"column":0},"end":{"line":214,"column":40}},"214":{"start":{"line":215,"column":0},"end":{"line":215,"column":28}},"215":{"start":{"line":216,"column":0},"end":{"line":216,"column":42}},"216":{"start":{"line":217,"column":0},"end":{"line":217,"column":32}},"217":{"start":{"line":218,"column":0},"end":{"line":218,"column":22}},"218":{"start":{"line":219,"column":0},"end":{"line":219,"column":4}},"219":{"start":{"line":220,"column":0},"end":{"line":220,"column":0}},"220":{"start":{"line":221,"column":0},"end":{"line":221,"column":10}},"221":{"start":{"line":222,"column":0},"end":{"line":222,"column":19}},"222":{"start":{"line":223,"column":0},"end":{"line":223,"column":20}},"223":{"start":{"line":224,"column":0},"end":{"line":224,"column":12}},"224":{"start":{"line":225,"column":0},"end":{"line":225,"column":45}},"225":{"start":{"line":226,"column":0},"end":{"line":226,"column":48}},"226":{"start":{"line":227,"column":0},"end":{"line":227,"column":72}},"227":{"start":{"line":228,"column":0},"end":{"line":228,"column":26}},"228":{"start":{"line":229,"column":0},"end":{"line":229,"column":12}},"229":{"start":{"line":230,"column":0},"end":{"line":230,"column":4}},"230":{"start":{"line":231,"column":0},"end":{"line":231,"column":1}},"231":{"start":{"line":232,"column":0},"end":{"line":232,"column":0}},"232":{"start":{"line":233,"column":0},"end":{"line":233,"column":28}},"233":{"start":{"line":234,"column":0},"end":{"line":234,"column":30}},"234":{"start":{"line":235,"column":0},"end":{"line":235,"column":31}},"235":{"start":{"line":236,"column":0},"end":{"line":236,"column":11}},"236":{"start":{"line":237,"column":0},"end":{"line":237,"column":42}},"237":{"start":{"line":238,"column":0},"end":{"line":238,"column":44}},"238":{"start":{"line":239,"column":0},"end":{"line":239,"column":0}},"239":{"start":{"line":240,"column":0},"end":{"line":240,"column":39}},"240":{"start":{"line":241,"column":0},"end":{"line":241,"column":33}},"241":{"start":{"line":242,"column":0},"end":{"line":242,"column":3}},"242":{"start":{"line":243,"column":0},"end":{"line":243,"column":0}},"243":{"start":{"line":244,"column":0},"end":{"line":244,"column":19}},"244":{"start":{"line":245,"column":0},"end":{"line":245,"column":47}},"245":{"start":{"line":246,"column":0},"end":{"line":246,"column":41}},"246":{"start":{"line":247,"column":0},"end":{"line":247,"column":20}},"247":{"start":{"line":248,"column":0},"end":{"line":248,"column":48}},"248":{"start":{"line":249,"column":0},"end":{"line":249,"column":42}},"249":{"start":{"line":250,"column":0},"end":{"line":250,"column":0}},"250":{"start":{"line":251,"column":0},"end":{"line":251,"column":45}},"251":{"start":{"line":252,"column":0},"end":{"line":252,"column":1}},"252":{"start":{"line":253,"column":0},"end":{"line":253,"column":0}},"253":{"start":{"line":254,"column":0},"end":{"line":254,"column":33}},"254":{"start":{"line":255,"column":0},"end":{"line":255,"column":32}},"255":{"start":{"line":256,"column":0},"end":{"line":256,"column":25}},"256":{"start":{"line":257,"column":0},"end":{"line":257,"column":12}},"257":{"start":{"line":258,"column":0},"end":{"line":258,"column":23}},"258":{"start":{"line":259,"column":0},"end":{"line":259,"column":17}},"259":{"start":{"line":260,"column":0},"end":{"line":260,"column":3}},"260":{"start":{"line":261,"column":0},"end":{"line":261,"column":0}},"261":{"start":{"line":262,"column":0},"end":{"line":262,"column":34}},"262":{"start":{"line":263,"column":0},"end":{"line":263,"column":16}},"263":{"start":{"line":264,"column":0},"end":{"line":264,"column":3}},"264":{"start":{"line":265,"column":0},"end":{"line":265,"column":0}},"265":{"start":{"line":266,"column":0},"end":{"line":266,"column":27}},"266":{"start":{"line":267,"column":0},"end":{"line":267,"column":40}},"267":{"start":{"line":268,"column":0},"end":{"line":268,"column":52}},"268":{"start":{"line":269,"column":0},"end":{"line":269,"column":6}},"269":{"start":{"line":270,"column":0},"end":{"line":270,"column":3}},"270":{"start":{"line":271,"column":0},"end":{"line":271,"column":0}},"271":{"start":{"line":272,"column":0},"end":{"line":272,"column":15}},"272":{"start":{"line":273,"column":0},"end":{"line":273,"column":1}},"273":{"start":{"line":274,"column":0},"end":{"line":274,"column":0}},"274":{"start":{"line":275,"column":0},"end":{"line":275,"column":45}},"275":{"start":{"line":276,"column":0},"end":{"line":276,"column":35}},"276":{"start":{"line":277,"column":0},"end":{"line":277,"column":23}},"277":{"start":{"line":278,"column":0},"end":{"line":278,"column":35}},"278":{"start":{"line":279,"column":0},"end":{"line":279,"column":29}},"279":{"start":{"line":280,"column":0},"end":{"line":280,"column":35}},"280":{"start":{"line":281,"column":0},"end":{"line":281,"column":20}},"281":{"start":{"line":282,"column":0},"end":{"line":282,"column":5}},"282":{"start":{"line":283,"column":0},"end":{"line":283,"column":0}},"283":{"start":{"line":284,"column":0},"end":{"line":284,"column":29}},"284":{"start":{"line":285,"column":0},"end":{"line":285,"column":60}},"285":{"start":{"line":286,"column":0},"end":{"line":286,"column":22}},"286":{"start":{"line":287,"column":0},"end":{"line":287,"column":21}},"287":{"start":{"line":288,"column":0},"end":{"line":288,"column":8}},"288":{"start":{"line":289,"column":0},"end":{"line":289,"column":22}},"289":{"start":{"line":290,"column":0},"end":{"line":290,"column":36}},"290":{"start":{"line":291,"column":0},"end":{"line":291,"column":7}},"291":{"start":{"line":292,"column":0},"end":{"line":292,"column":5}},"292":{"start":{"line":293,"column":0},"end":{"line":293,"column":3}},"293":{"start":{"line":294,"column":0},"end":{"line":294,"column":0}},"294":{"start":{"line":295,"column":0},"end":{"line":295,"column":14}},"295":{"start":{"line":296,"column":0},"end":{"line":296,"column":1}},"296":{"start":{"line":297,"column":0},"end":{"line":297,"column":0}},"297":{"start":{"line":298,"column":0},"end":{"line":298,"column":74}},"298":{"start":{"line":299,"column":0},"end":{"line":299,"column":44}},"299":{"start":{"line":300,"column":0},"end":{"line":300,"column":35}},"300":{"start":{"line":301,"column":0},"end":{"line":301,"column":24}},"301":{"start":{"line":302,"column":0},"end":{"line":302,"column":35}},"302":{"start":{"line":303,"column":0},"end":{"line":303,"column":22}},"303":{"start":{"line":304,"column":0},"end":{"line":304,"column":16}},"304":{"start":{"line":305,"column":0},"end":{"line":305,"column":3}},"305":{"start":{"line":306,"column":0},"end":{"line":306,"column":0}},"306":{"start":{"line":307,"column":0},"end":{"line":307,"column":66}},"307":{"start":{"line":308,"column":0},"end":{"line":308,"column":1}},"308":{"start":{"line":309,"column":0},"end":{"line":309,"column":0}},"309":{"start":{"line":310,"column":0},"end":{"line":310,"column":3}},"310":{"start":{"line":311,"column":0},"end":{"line":311,"column":79}},"311":{"start":{"line":312,"column":0},"end":{"line":312,"column":79}},"312":{"start":{"line":313,"column":0},"end":{"line":313,"column":74}},"313":{"start":{"line":314,"column":0},"end":{"line":314,"column":3}},"314":{"start":{"line":315,"column":0},"end":{"line":315,"column":52}},"315":{"start":{"line":316,"column":0},"end":{"line":316,"column":35}},"316":{"start":{"line":317,"column":0},"end":{"line":317,"column":24}},"317":{"start":{"line":318,"column":0},"end":{"line":318,"column":13}},"318":{"start":{"line":319,"column":0},"end":{"line":319,"column":64}},"319":{"start":{"line":320,"column":0},"end":{"line":320,"column":14}},"320":{"start":{"line":321,"column":0},"end":{"line":321,"column":14}},"321":{"start":{"line":322,"column":0},"end":{"line":322,"column":3}},"322":{"start":{"line":323,"column":0},"end":{"line":323,"column":0}},"323":{"start":{"line":324,"column":0},"end":{"line":324,"column":26}},"324":{"start":{"line":325,"column":0},"end":{"line":325,"column":12}},"325":{"start":{"line":326,"column":0},"end":{"line":326,"column":50}},"326":{"start":{"line":327,"column":0},"end":{"line":327,"column":54}},"327":{"start":{"line":328,"column":0},"end":{"line":328,"column":5}},"328":{"start":{"line":329,"column":0},"end":{"line":329,"column":28}},"329":{"start":{"line":330,"column":0},"end":{"line":330,"column":0}},"330":{"start":{"line":331,"column":0},"end":{"line":331,"column":42}},"331":{"start":{"line":332,"column":0},"end":{"line":332,"column":74}},"332":{"start":{"line":333,"column":0},"end":{"line":333,"column":46}},"333":{"start":{"line":334,"column":0},"end":{"line":334,"column":37}},"334":{"start":{"line":335,"column":0},"end":{"line":335,"column":12}},"335":{"start":{"line":336,"column":0},"end":{"line":336,"column":5}},"336":{"start":{"line":337,"column":0},"end":{"line":337,"column":35}},"337":{"start":{"line":338,"column":0},"end":{"line":338,"column":28}},"338":{"start":{"line":339,"column":0},"end":{"line":339,"column":3}},"339":{"start":{"line":340,"column":0},"end":{"line":340,"column":0}},"340":{"start":{"line":341,"column":0},"end":{"line":341,"column":35}},"341":{"start":{"line":342,"column":0},"end":{"line":342,"column":1}},"342":{"start":{"line":343,"column":0},"end":{"line":343,"column":0}},"343":{"start":{"line":344,"column":0},"end":{"line":344,"column":24}},"344":{"start":{"line":345,"column":0},"end":{"line":345,"column":29}},"345":{"start":{"line":346,"column":0},"end":{"line":346,"column":25}},"346":{"start":{"line":347,"column":0},"end":{"line":347,"column":30}},"347":{"start":{"line":348,"column":0},"end":{"line":348,"column":48}},"348":{"start":{"line":349,"column":0},"end":{"line":349,"column":29}},"349":{"start":{"line":350,"column":0},"end":{"line":350,"column":19}},"350":{"start":{"line":351,"column":0},"end":{"line":351,"column":73}},"351":{"start":{"line":352,"column":0},"end":{"line":352,"column":6}},"352":{"start":{"line":353,"column":0},"end":{"line":353,"column":0}},"353":{"start":{"line":354,"column":0},"end":{"line":354,"column":10}},"354":{"start":{"line":355,"column":0},"end":{"line":355,"column":18}},"355":{"start":{"line":356,"column":0},"end":{"line":356,"column":22}},"356":{"start":{"line":357,"column":0},"end":{"line":357,"column":36}},"357":{"start":{"line":358,"column":0},"end":{"line":358,"column":80}},"358":{"start":{"line":359,"column":0},"end":{"line":359,"column":80}},"359":{"start":{"line":360,"column":0},"end":{"line":360,"column":38}},"360":{"start":{"line":361,"column":0},"end":{"line":361,"column":20}},"361":{"start":{"line":362,"column":0},"end":{"line":362,"column":36}},"362":{"start":{"line":363,"column":0},"end":{"line":363,"column":37}},"363":{"start":{"line":364,"column":0},"end":{"line":364,"column":32}},"364":{"start":{"line":365,"column":0},"end":{"line":365,"column":56}},"365":{"start":{"line":366,"column":0},"end":{"line":366,"column":11}},"366":{"start":{"line":367,"column":0},"end":{"line":367,"column":13}},"367":{"start":{"line":368,"column":0},"end":{"line":368,"column":4}},"368":{"start":{"line":369,"column":0},"end":{"line":369,"column":1}},"369":{"start":{"line":370,"column":0},"end":{"line":370,"column":0}},"370":{"start":{"line":371,"column":0},"end":{"line":371,"column":81}},"371":{"start":{"line":372,"column":0},"end":{"line":372,"column":41}},"372":{"start":{"line":373,"column":0},"end":{"line":373,"column":41}},"373":{"start":{"line":374,"column":0},"end":{"line":374,"column":30}},"374":{"start":{"line":375,"column":0},"end":{"line":375,"column":61}},"375":{"start":{"line":376,"column":0},"end":{"line":376,"column":0}},"376":{"start":{"line":377,"column":0},"end":{"line":377,"column":41}},"377":{"start":{"line":378,"column":0},"end":{"line":378,"column":36}},"378":{"start":{"line":379,"column":0},"end":{"line":379,"column":35}},"379":{"start":{"line":380,"column":0},"end":{"line":380,"column":0}},"380":{"start":{"line":381,"column":0},"end":{"line":381,"column":55}},"381":{"start":{"line":382,"column":0},"end":{"line":382,"column":47}},"382":{"start":{"line":383,"column":0},"end":{"line":383,"column":16}},"383":{"start":{"line":384,"column":0},"end":{"line":384,"column":13}},"384":{"start":{"line":385,"column":0},"end":{"line":385,"column":52}},"385":{"start":{"line":386,"column":0},"end":{"line":386,"column":58}},"386":{"start":{"line":387,"column":0},"end":{"line":387,"column":9}},"387":{"start":{"line":388,"column":0},"end":{"line":388,"column":50}},"388":{"start":{"line":389,"column":0},"end":{"line":389,"column":30}},"389":{"start":{"line":390,"column":0},"end":{"line":390,"column":0}},"390":{"start":{"line":391,"column":0},"end":{"line":391,"column":56}},"391":{"start":{"line":392,"column":0},"end":{"line":392,"column":55}},"392":{"start":{"line":393,"column":0},"end":{"line":393,"column":39}},"393":{"start":{"line":394,"column":0},"end":{"line":394,"column":48}},"394":{"start":{"line":395,"column":0},"end":{"line":395,"column":17}},"395":{"start":{"line":396,"column":0},"end":{"line":396,"column":7}},"396":{"start":{"line":397,"column":0},"end":{"line":397,"column":0}},"397":{"start":{"line":398,"column":0},"end":{"line":398,"column":44}},"398":{"start":{"line":399,"column":0},"end":{"line":399,"column":32}},"399":{"start":{"line":400,"column":0},"end":{"line":400,"column":13}},"400":{"start":{"line":401,"column":0},"end":{"line":401,"column":44}},"401":{"start":{"line":402,"column":0},"end":{"line":402,"column":37}},"402":{"start":{"line":403,"column":0},"end":{"line":403,"column":57}},"403":{"start":{"line":404,"column":0},"end":{"line":404,"column":16}},"404":{"start":{"line":405,"column":0},"end":{"line":405,"column":37}},"405":{"start":{"line":406,"column":0},"end":{"line":406,"column":57}},"406":{"start":{"line":407,"column":0},"end":{"line":407,"column":16}},"407":{"start":{"line":408,"column":0},"end":{"line":408,"column":24}},"408":{"start":{"line":409,"column":0},"end":{"line":409,"column":59}},"409":{"start":{"line":410,"column":0},"end":{"line":410,"column":8}},"410":{"start":{"line":411,"column":0},"end":{"line":411,"column":45}},"411":{"start":{"line":412,"column":0},"end":{"line":412,"column":42}},"412":{"start":{"line":413,"column":0},"end":{"line":413,"column":5}},"413":{"start":{"line":414,"column":0},"end":{"line":414,"column":0}},"414":{"start":{"line":415,"column":0},"end":{"line":415,"column":24}},"415":{"start":{"line":416,"column":0},"end":{"line":416,"column":30}},"416":{"start":{"line":417,"column":0},"end":{"line":417,"column":56}},"417":{"start":{"line":418,"column":0},"end":{"line":418,"column":6}},"418":{"start":{"line":419,"column":0},"end":{"line":419,"column":3}},"419":{"start":{"line":420,"column":0},"end":{"line":420,"column":0}},"420":{"start":{"line":421,"column":0},"end":{"line":421,"column":32}},"421":{"start":{"line":422,"column":0},"end":{"line":422,"column":29}},"422":{"start":{"line":423,"column":0},"end":{"line":423,"column":18}},"423":{"start":{"line":424,"column":0},"end":{"line":424,"column":77}},"424":{"start":{"line":425,"column":0},"end":{"line":425,"column":6}},"425":{"start":{"line":426,"column":0},"end":{"line":426,"column":1}}},"s":{"0":1,"1":1,"2":1,"3":1,"4":1,"5":1,"6":1,"7":1,"8":1,"9":1,"10":1,"11":1,"12":1,"13":1,"14":1,"15":1,"16":1,"17":1,"18":1,"19":1,"20":1,"21":1,"22":1,"23":1,"24":1,"25":1,"26":1,"27":1,"28":1,"29":1,"30":1,"31":1,"32":1,"33":1,"34":1,"35":1,"36":1,"37":1,"38":1,"39":1,"40":1,"41":1,"42":1,"43":1,"44":1,"45":1,"46":1,"47":1,"48":1,"49":1,"50":1,"51":1,"52":1,"53":1,"54":1,"55":1,"56":1,"57":1,"58":1,"59":1,"60":1,"61":1,"62":1,"63":1,"64":1,"65":1,"66":1,"67":1,"68":1,"69":1,"70":1,"71":1,"72":1,"73":1,"74":1,"75":1,"76":1,"77":1,"78":1,"79":1,"80":1,"81":1,"82":1,"83":1,"84":1,"85":1,"86":1,"87":1,"88":1,"89":1,"90":1,"91":1,"92":1,"93":1,"94":1,"95":1,"96":1,"97":1,"98":1,"99":1,"100":1,"101":1,"102":1,"103":1,"104":1,"105":1,"106":1,"107":1,"108":1,"109":1,"110":1,"111":1,"112":1,"113":1,"114":1,"115":1,"116":1,"117":1,"118":1,"119":1,"120":1,"121":1,"122":1,"123":35,"124":35,"125":35,"126":35,"127":35,"128":35,"129":35,"130":1,"131":35,"132":35,"133":35,"134":35,"135":35,"136":5,"137":5,"138":5,"139":5,"140":30,"141":35,"142":5,"143":5,"144":5,"145":5,"146":25,"147":25,"148":25,"149":1,"150":35,"151":35,"152":35,"153":35,"154":35,"155":35,"156":5,"157":5,"158":5,"159":5,"160":5,"161":30,"162":35,"163":5,"164":5,"165":5,"166":5,"167":5,"168":25,"169":25,"170":25,"171":1,"172":35,"173":35,"174":35,"175":35,"176":35,"177":35,"178":35,"179":35,"180":35,"181":35,"182":35,"183":35,"184":35,"185":35,"186":35,"187":35,"188":35,"189":35,"190":35,"191":35,"192":35,"193":35,"194":35,"195":35,"196":35,"197":35,"198":35,"199":0,"200":35,"201":35,"202":35,"203":35,"204":35,"205":35,"206":35,"207":35,"208":35,"209":35,"210":1,"211":5,"212":5,"213":5,"214":5,"215":5,"216":5,"217":5,"218":5,"219":5,"220":5,"221":5,"222":5,"223":5,"224":5,"225":5,"226":5,"227":3,"228":5,"229":5,"230":5,"231":1,"232":1,"233":1,"234":1,"235":1,"236":1,"237":1,"238":1,"239":1,"240":0,"241":0,"242":1,"243":1,"244":1,"245":0,"246":1,"247":1,"248":0,"249":1,"250":1,"251":1,"252":1,"253":21,"254":21,"255":21,"256":21,"257":21,"258":0,"259":0,"260":21,"261":21,"262":6,"263":6,"264":15,"265":15,"266":15,"267":15,"268":15,"269":15,"270":0,"271":0,"272":0,"273":1,"274":4,"275":4,"276":4,"277":4,"278":4,"279":4,"280":1,"281":1,"282":3,"283":3,"284":3,"285":3,"286":3,"287":3,"288":3,"289":3,"290":3,"291":3,"292":4,"293":0,"294":0,"295":0,"296":1,"297":1,"298":1,"299":1,"300":1,"301":1,"302":1,"303":0,"304":0,"305":1,"306":1,"307":1,"308":1,"309":1,"310":1,"311":1,"312":1,"313":1,"314":1,"315":1,"316":1,"317":1,"318":1,"319":1,"320":0,"321":0,"322":1,"323":1,"324":1,"325":1,"326":4,"327":1,"328":1,"329":1,"330":1,"331":1,"332":4,"333":4,"334":1,"335":1,"336":3,"337":3,"338":3,"339":1,"340":1,"341":1,"342":1,"343":28,"344":28,"345":28,"346":28,"347":28,"348":28,"349":28,"350":29,"351":28,"352":28,"353":28,"354":28,"355":28,"356":28,"357":28,"358":28,"359":28,"360":28,"361":28,"362":7,"363":6,"364":6,"365":7,"366":28,"367":28,"368":28,"369":1,"370":1,"371":1,"372":4,"373":4,"374":4,"375":4,"376":4,"377":5,"378":5,"379":5,"380":5,"381":35,"382":35,"383":35,"384":35,"385":35,"386":35,"387":35,"388":35,"389":35,"390":35,"391":35,"392":7,"393":7,"394":7,"395":7,"396":28,"397":28,"398":28,"399":28,"400":28,"401":28,"402":23,"403":35,"404":35,"405":0,"406":35,"407":35,"408":35,"409":35,"410":35,"411":35,"412":35,"413":5,"414":5,"415":5,"416":5,"417":5,"418":5,"419":4,"420":4,"421":4,"422":4,"423":4,"424":4,"425":4},"branchMap":{"0":{"type":"branch","line":124,"loc":{"start":{"line":124,"column":0},"end":{"line":130,"column":1}},"locations":[{"start":{"line":124,"column":0},"end":{"line":130,"column":1}}]},"1":{"type":"branch","line":129,"loc":{"start":{"line":129,"column":9},"end":{"line":129,"column":24}},"locations":[{"start":{"line":129,"column":9},"end":{"line":129,"column":24}}]},"2":{"type":"branch","line":129,"loc":{"start":{"line":129,"column":24},"end":{"line":129,"column":62}},"locations":[{"start":{"line":129,"column":24},"end":{"line":129,"column":62}}]},"3":{"type":"branch","line":132,"loc":{"start":{"line":132,"column":0},"end":{"line":149,"column":1}},"locations":[{"start":{"line":132,"column":0},"end":{"line":149,"column":1}}]},"4":{"type":"branch","line":136,"loc":{"start":{"line":136,"column":25},"end":{"line":140,"column":3}},"locations":[{"start":{"line":136,"column":25},"end":{"line":140,"column":3}}]},"5":{"type":"branch","line":140,"loc":{"start":{"line":140,"column":2},"end":{"line":142,"column":24}},"locations":[{"start":{"line":140,"column":2},"end":{"line":142,"column":24}}]},"6":{"type":"branch","line":142,"loc":{"start":{"line":142,"column":24},"end":{"line":146,"column":3}},"locations":[{"start":{"line":142,"column":24},"end":{"line":146,"column":3}}]},"7":{"type":"branch","line":146,"loc":{"start":{"line":146,"column":2},"end":{"line":149,"column":1}},"locations":[{"start":{"line":146,"column":2},"end":{"line":149,"column":1}}]},"8":{"type":"branch","line":151,"loc":{"start":{"line":151,"column":0},"end":{"line":171,"column":1}},"locations":[{"start":{"line":151,"column":0},"end":{"line":171,"column":1}}]},"9":{"type":"branch","line":156,"loc":{"start":{"line":156,"column":25},"end":{"line":161,"column":3}},"locations":[{"start":{"line":156,"column":25},"end":{"line":161,"column":3}}]},"10":{"type":"branch","line":161,"loc":{"start":{"line":161,"column":2},"end":{"line":163,"column":24}},"locations":[{"start":{"line":161,"column":2},"end":{"line":163,"column":24}}]},"11":{"type":"branch","line":163,"loc":{"start":{"line":163,"column":24},"end":{"line":168,"column":3}},"locations":[{"start":{"line":163,"column":24},"end":{"line":168,"column":3}}]},"12":{"type":"branch","line":168,"loc":{"start":{"line":168,"column":2},"end":{"line":171,"column":1}},"locations":[{"start":{"line":168,"column":2},"end":{"line":171,"column":1}}]},"13":{"type":"branch","line":173,"loc":{"start":{"line":173,"column":0},"end":{"line":210,"column":1}},"locations":[{"start":{"line":173,"column":0},"end":{"line":210,"column":1}}]},"14":{"type":"branch","line":185,"loc":{"start":{"line":185,"column":4},"end":{"line":185,"column":37}},"locations":[{"start":{"line":185,"column":4},"end":{"line":185,"column":37}}]},"15":{"type":"branch","line":185,"loc":{"start":{"line":185,"column":19},"end":{"line":185,"column":66}},"locations":[{"start":{"line":185,"column":19},"end":{"line":185,"column":66}}]},"16":{"type":"branch","line":188,"loc":{"start":{"line":188,"column":6},"end":{"line":188,"column":39}},"locations":[{"start":{"line":188,"column":6},"end":{"line":188,"column":39}}]},"17":{"type":"branch","line":197,"loc":{"start":{"line":197,"column":4},"end":{"line":197,"column":63}},"locations":[{"start":{"line":197,"column":4},"end":{"line":197,"column":63}}]},"18":{"type":"branch","line":199,"loc":{"start":{"line":199,"column":4},"end":{"line":199,"column":70}},"locations":[{"start":{"line":199,"column":4},"end":{"line":199,"column":70}}]},"19":{"type":"branch","line":199,"loc":{"start":{"line":199,"column":59},"end":{"line":200,"column":31}},"locations":[{"start":{"line":199,"column":59},"end":{"line":200,"column":31}}]},"20":{"type":"branch","line":205,"loc":{"start":{"line":205,"column":6},"end":{"line":205,"column":32}},"locations":[{"start":{"line":205,"column":6},"end":{"line":205,"column":32}}]},"21":{"type":"branch","line":205,"loc":{"start":{"line":205,"column":21},"end":{"line":205,"column":50}},"locations":[{"start":{"line":205,"column":21},"end":{"line":205,"column":50}}]},"22":{"type":"branch","line":205,"loc":{"start":{"line":205,"column":32},"end":{"line":205,"column":79}},"locations":[{"start":{"line":205,"column":32},"end":{"line":205,"column":79}}]},"23":{"type":"branch","line":207,"loc":{"start":{"line":207,"column":8},"end":{"line":207,"column":46}},"locations":[{"start":{"line":207,"column":8},"end":{"line":207,"column":46}}]},"24":{"type":"branch","line":207,"loc":{"start":{"line":207,"column":42},"end":{"line":207,"column":48}},"locations":[{"start":{"line":207,"column":42},"end":{"line":207,"column":48}}]},"25":{"type":"branch","line":208,"loc":{"start":{"line":208,"column":8},"end":{"line":208,"column":46}},"locations":[{"start":{"line":208,"column":8},"end":{"line":208,"column":46}}]},"26":{"type":"branch","line":212,"loc":{"start":{"line":212,"column":0},"end":{"line":231,"column":1}},"locations":[{"start":{"line":212,"column":0},"end":{"line":231,"column":1}}]},"27":{"type":"branch","line":227,"loc":{"start":{"line":227,"column":8},"end":{"line":227,"column":72}},"locations":[{"start":{"line":227,"column":8},"end":{"line":227,"column":72}}]},"28":{"type":"branch","line":228,"loc":{"start":{"line":228,"column":-1},"end":{"line":228,"column":26}},"locations":[{"start":{"line":228,"column":-1},"end":{"line":228,"column":26}}]},"29":{"type":"branch","line":228,"loc":{"start":{"line":228,"column":25},"end":{"line":229,"column":10}},"locations":[{"start":{"line":228,"column":25},"end":{"line":229,"column":10}}]},"30":{"type":"branch","line":233,"loc":{"start":{"line":233,"column":0},"end":{"line":252,"column":1}},"locations":[{"start":{"line":233,"column":0},"end":{"line":252,"column":1}}]},"31":{"type":"branch","line":240,"loc":{"start":{"line":240,"column":38},"end":{"line":242,"column":3}},"locations":[{"start":{"line":240,"column":38},"end":{"line":242,"column":3}}]},"32":{"type":"branch","line":245,"loc":{"start":{"line":245,"column":25},"end":{"line":246,"column":41}},"locations":[{"start":{"line":245,"column":25},"end":{"line":246,"column":41}}]},"33":{"type":"branch","line":248,"loc":{"start":{"line":248,"column":26},"end":{"line":249,"column":42}},"locations":[{"start":{"line":248,"column":26},"end":{"line":249,"column":42}}]},"34":{"type":"branch","line":254,"loc":{"start":{"line":254,"column":0},"end":{"line":273,"column":1}},"locations":[{"start":{"line":254,"column":0},"end":{"line":273,"column":1}}]},"35":{"type":"branch","line":258,"loc":{"start":{"line":258,"column":22},"end":{"line":260,"column":3}},"locations":[{"start":{"line":258,"column":22},"end":{"line":260,"column":3}}]},"36":{"type":"branch","line":262,"loc":{"start":{"line":262,"column":33},"end":{"line":264,"column":3}},"locations":[{"start":{"line":262,"column":33},"end":{"line":264,"column":3}}]},"37":{"type":"branch","line":264,"loc":{"start":{"line":264,"column":2},"end":{"line":270,"column":3}},"locations":[{"start":{"line":264,"column":2},"end":{"line":270,"column":3}}]},"38":{"type":"branch","line":270,"loc":{"start":{"line":270,"column":2},"end":{"line":273,"column":1}},"locations":[{"start":{"line":270,"column":2},"end":{"line":273,"column":1}}]},"39":{"type":"branch","line":267,"loc":{"start":{"line":267,"column":30},"end":{"line":268,"column":52}},"locations":[{"start":{"line":267,"column":30},"end":{"line":268,"column":52}}]},"40":{"type":"branch","line":275,"loc":{"start":{"line":275,"column":0},"end":{"line":296,"column":1}},"locations":[{"start":{"line":275,"column":0},"end":{"line":296,"column":1}}]},"41":{"type":"branch","line":280,"loc":{"start":{"line":280,"column":34},"end":{"line":282,"column":5}},"locations":[{"start":{"line":280,"column":34},"end":{"line":282,"column":5}}]},"42":{"type":"branch","line":282,"loc":{"start":{"line":282,"column":4},"end":{"line":292,"column":5}},"locations":[{"start":{"line":282,"column":4},"end":{"line":292,"column":5}}]},"43":{"type":"branch","line":293,"loc":{"start":{"line":293,"column":2},"end":{"line":296,"column":1}},"locations":[{"start":{"line":293,"column":2},"end":{"line":296,"column":1}}]},"44":{"type":"branch","line":299,"loc":{"start":{"line":299,"column":7},"end":{"line":308,"column":1}},"locations":[{"start":{"line":299,"column":7},"end":{"line":308,"column":1}}]},"45":{"type":"branch","line":303,"loc":{"start":{"line":303,"column":21},"end":{"line":305,"column":3}},"locations":[{"start":{"line":303,"column":21},"end":{"line":305,"column":3}}]},"46":{"type":"branch","line":315,"loc":{"start":{"line":315,"column":7},"end":{"line":342,"column":1}},"locations":[{"start":{"line":315,"column":7},"end":{"line":342,"column":1}}]},"47":{"type":"branch","line":320,"loc":{"start":{"line":320,"column":13},"end":{"line":322,"column":3}},"locations":[{"start":{"line":320,"column":13},"end":{"line":322,"column":3}}]},"48":{"type":"branch","line":332,"loc":{"start":{"line":332,"column":23},"end":{"line":332,"column":73}},"locations":[{"start":{"line":332,"column":23},"end":{"line":332,"column":73}}]},"49":{"type":"branch","line":332,"loc":{"start":{"line":332,"column":73},"end":{"line":339,"column":3}},"locations":[{"start":{"line":332,"column":73},"end":{"line":339,"column":3}}]},"50":{"type":"branch","line":334,"loc":{"start":{"line":334,"column":36},"end":{"line":336,"column":5}},"locations":[{"start":{"line":334,"column":36},"end":{"line":336,"column":5}}]},"51":{"type":"branch","line":336,"loc":{"start":{"line":336,"column":4},"end":{"line":339,"column":3}},"locations":[{"start":{"line":336,"column":4},"end":{"line":339,"column":3}}]},"52":{"type":"branch","line":326,"loc":{"start":{"line":326,"column":6},"end":{"line":327,"column":54}},"locations":[{"start":{"line":326,"column":6},"end":{"line":327,"column":54}}]},"53":{"type":"branch","line":329,"loc":{"start":{"line":329,"column":9},"end":{"line":329,"column":26}},"locations":[{"start":{"line":329,"column":9},"end":{"line":329,"column":26}}]},"54":{"type":"branch","line":344,"loc":{"start":{"line":344,"column":0},"end":{"line":369,"column":1}},"locations":[{"start":{"line":344,"column":0},"end":{"line":369,"column":1}}]},"55":{"type":"branch","line":358,"loc":{"start":{"line":358,"column":29},"end":{"line":358,"column":76}},"locations":[{"start":{"line":358,"column":29},"end":{"line":358,"column":76}}]},"56":{"type":"branch","line":358,"loc":{"start":{"line":358,"column":72},"end":{"line":358,"column":78}},"locations":[{"start":{"line":358,"column":72},"end":{"line":358,"column":78}}]},"57":{"type":"branch","line":359,"loc":{"start":{"line":359,"column":29},"end":{"line":359,"column":76}},"locations":[{"start":{"line":359,"column":29},"end":{"line":359,"column":76}}]},"58":{"type":"branch","line":362,"loc":{"start":{"line":362,"column":24},"end":{"line":366,"column":11}},"locations":[{"start":{"line":362,"column":24},"end":{"line":366,"column":11}}]},"59":{"type":"branch","line":363,"loc":{"start":{"line":363,"column":21},"end":{"line":365,"column":56}},"locations":[{"start":{"line":363,"column":21},"end":{"line":365,"column":56}}]},"60":{"type":"branch","line":350,"loc":{"start":{"line":350,"column":9},"end":{"line":351,"column":73}},"locations":[{"start":{"line":350,"column":9},"end":{"line":351,"column":73}}]},"61":{"type":"branch","line":351,"loc":{"start":{"line":351,"column":20},"end":{"line":351,"column":67}},"locations":[{"start":{"line":351,"column":20},"end":{"line":351,"column":67}}]},"62":{"type":"branch","line":351,"loc":{"start":{"line":351,"column":50},"end":{"line":351,"column":73}},"locations":[{"start":{"line":351,"column":50},"end":{"line":351,"column":73}}]},"63":{"type":"branch","line":364,"loc":{"start":{"line":364,"column":22},"end":{"line":365,"column":56}},"locations":[{"start":{"line":364,"column":22},"end":{"line":365,"column":56}}]},"64":{"type":"branch","line":372,"loc":{"start":{"line":372,"column":7},"end":{"line":426,"column":1}},"locations":[{"start":{"line":372,"column":7},"end":{"line":426,"column":1}}]},"65":{"type":"branch","line":377,"loc":{"start":{"line":377,"column":40},"end":{"line":419,"column":3}},"locations":[{"start":{"line":377,"column":40},"end":{"line":419,"column":3}}]},"66":{"type":"branch","line":381,"loc":{"start":{"line":381,"column":54},"end":{"line":413,"column":5}},"locations":[{"start":{"line":381,"column":54},"end":{"line":413,"column":5}}]},"67":{"type":"branch","line":392,"loc":{"start":{"line":392,"column":10},"end":{"line":392,"column":54}},"locations":[{"start":{"line":392,"column":10},"end":{"line":392,"column":54}}]},"68":{"type":"branch","line":392,"loc":{"start":{"line":392,"column":54},"end":{"line":396,"column":7}},"locations":[{"start":{"line":392,"column":54},"end":{"line":396,"column":7}}]},"69":{"type":"branch","line":396,"loc":{"start":{"line":396,"column":6},"end":{"line":402,"column":37}},"locations":[{"start":{"line":396,"column":6},"end":{"line":402,"column":37}}]},"70":{"type":"branch","line":403,"loc":{"start":{"line":403,"column":-1},"end":{"line":403,"column":57}},"locations":[{"start":{"line":403,"column":-1},"end":{"line":403,"column":57}}]},"71":{"type":"branch","line":403,"loc":{"start":{"line":403,"column":56},"end":{"line":404,"column":14}},"locations":[{"start":{"line":403,"column":56},"end":{"line":404,"column":14}}]},"72":{"type":"branch","line":406,"loc":{"start":{"line":406,"column":-1},"end":{"line":406,"column":57}},"locations":[{"start":{"line":406,"column":-1},"end":{"line":406,"column":57}}]},"73":{"type":"branch","line":406,"loc":{"start":{"line":406,"column":56},"end":{"line":407,"column":14}},"locations":[{"start":{"line":406,"column":56},"end":{"line":407,"column":14}}]},"74":{"type":"branch","line":423,"loc":{"start":{"line":423,"column":9},"end":{"line":424,"column":77}},"locations":[{"start":{"line":423,"column":9},"end":{"line":424,"column":77}}]},"75":{"type":"branch","line":424,"loc":{"start":{"line":424,"column":68},"end":{"line":424,"column":77}},"locations":[{"start":{"line":424,"column":68},"end":{"line":424,"column":77}}]}},"b":{"0":[35],"1":[28],"2":[112],"3":[35],"4":[5],"5":[30],"6":[5],"7":[25],"8":[35],"9":[5],"10":[30],"11":[5],"12":[25],"13":[35],"14":[28],"15":[7],"16":[28],"17":[5],"18":[0],"19":[0],"20":[28],"21":[7],"22":[5],"23":[30],"24":[5],"25":[0],"26":[5],"27":[3],"28":[3],"29":[2],"30":[1],"31":[0],"32":[0],"33":[0],"34":[21],"35":[0],"36":[6],"37":[15],"38":[0],"39":[15],"40":[4],"41":[1],"42":[3],"43":[0],"44":[1],"45":[0],"46":[1],"47":[0],"48":[4],"49":[4],"50":[1],"51":[3],"52":[4],"53":[4],"54":[28],"55":[23],"56":[5],"57":[0],"58":[7],"59":[6],"60":[29],"61":[24],"62":[5],"63":[6],"64":[4],"65":[5],"66":[35],"67":[7],"68":[7],"69":[28],"70":[23],"71":[5],"72":[0],"73":[28],"74":[4],"75":[0]},"fnMap":{"0":{"name":"getTaxonomyEntryByRank","decl":{"start":{"line":124,"column":0},"end":{"line":130,"column":1}},"loc":{"start":{"line":124,"column":0},"end":{"line":130,"column":1}},"line":124},"1":{"name":"getFallbackTaxonomyLabels","decl":{"start":{"line":132,"column":0},"end":{"line":149,"column":1}},"loc":{"start":{"line":132,"column":0},"end":{"line":149,"column":1}},"line":132},"2":{"name":"getLocalizedFallbackSecondaryLabel","decl":{"start":{"line":151,"column":0},"end":{"line":171,"column":1}},"loc":{"start":{"line":151,"column":0},"end":{"line":171,"column":1}},"line":151},"3":{"name":"createRankDescriptor","decl":{"start":{"line":173,"column":0},"end":{"line":210,"column":1}},"loc":{"start":{"line":173,"column":0},"end":{"line":210,"column":1}},"line":173},"4":{"name":"createLeafNode","decl":{"start":{"line":212,"column":0},"end":{"line":231,"column":1}},"loc":{"start":{"line":212,"column":0},"end":{"line":231,"column":1}},"line":212},"5":{"name":"sortHierarchyNodes","decl":{"start":{"line":233,"column":0},"end":{"line":252,"column":1}},"loc":{"start":{"line":233,"column":0},"end":{"line":252,"column":1}},"line":233},"6":{"name":"nodeContainsFocusTarget","decl":{"start":{"line":254,"column":0},"end":{"line":273,"column":1}},"loc":{"start":{"line":254,"column":0},"end":{"line":273,"column":1}},"line":254},"7":{"name":"findSpeciesTaxonomyNodePathInternal","decl":{"start":{"line":275,"column":0},"end":{"line":296,"column":1}},"loc":{"start":{"line":275,"column":0},"end":{"line":296,"column":1}},"line":275},"8":{"name":"findSpeciesTaxonomyNodePath","decl":{"start":{"line":299,"column":7},"end":{"line":308,"column":1}},"loc":{"start":{"line":299,"column":7},"end":{"line":308,"column":1}},"line":299},"9":{"name":"buildExpandedSpeciesTaxonomyNodeIds","decl":{"start":{"line":315,"column":7},"end":{"line":342,"column":1}},"loc":{"start":{"line":315,"column":7},"end":{"line":342,"column":1}},"line":315},"10":{"name":"finalizeBranch","decl":{"start":{"line":344,"column":0},"end":{"line":369,"column":1}},"loc":{"start":{"line":344,"column":0},"end":{"line":369,"column":1}},"line":344},"11":{"name":"buildSpeciesTaxonomyTree","decl":{"start":{"line":372,"column":7},"end":{"line":426,"column":1}},"loc":{"start":{"line":372,"column":7},"end":{"line":426,"column":1}},"line":372}},"f":{"0":35,"1":35,"2":35,"3":35,"4":5,"5":1,"6":21,"7":4,"8":1,"9":1,"10":28,"11":4}}
}
