{"/Users/samihult/dev/v0-flashcard-app-development/lib/tests/test-session.ts": {"path":"/Users/samihult/dev/v0-flashcard-app-development/lib/tests/test-session.ts","all":false,"statementMap":{"0":{"start":{"line":1,"column":0},"end":{"line":1,"column":75}},"1":{"start":{"line":2,"column":0},"end":{"line":2,"column":0}},"2":{"start":{"line":3,"column":0},"end":{"line":3,"column":87}},"3":{"start":{"line":4,"column":0},"end":{"line":4,"column":34}},"4":{"start":{"line":5,"column":0},"end":{"line":5,"column":0}},"5":{"start":{"line":6,"column":0},"end":{"line":6,"column":66}},"6":{"start":{"line":7,"column":0},"end":{"line":7,"column":32}},"7":{"start":{"line":8,"column":0},"end":{"line":8,"column":0}},"8":{"start":{"line":9,"column":0},"end":{"line":9,"column":3}},"9":{"start":{"line":10,"column":0},"end":{"line":10,"column":69}},"10":{"start":{"line":11,"column":0},"end":{"line":11,"column":61}},"11":{"start":{"line":12,"column":0},"end":{"line":12,"column":3}},"12":{"start":{"line":13,"column":0},"end":{"line":13,"column":43}},"13":{"start":{"line":14,"column":0},"end":{"line":14,"column":34}},"14":{"start":{"line":15,"column":0},"end":{"line":15,"column":11}},"15":{"start":{"line":16,"column":0},"end":{"line":16,"column":34}},"16":{"start":{"line":17,"column":0},"end":{"line":17,"column":30}},"17":{"start":{"line":18,"column":0},"end":{"line":18,"column":3}},"18":{"start":{"line":19,"column":0},"end":{"line":19,"column":0}},"19":{"start":{"line":20,"column":0},"end":{"line":20,"column":65}},"20":{"start":{"line":21,"column":0},"end":{"line":21,"column":1}},"21":{"start":{"line":22,"column":0},"end":{"line":22,"column":0}},"22":{"start":{"line":23,"column":0},"end":{"line":23,"column":3}},"23":{"start":{"line":24,"column":0},"end":{"line":24,"column":75}},"24":{"start":{"line":25,"column":0},"end":{"line":25,"column":70}},"25":{"start":{"line":26,"column":0},"end":{"line":26,"column":3}},"26":{"start":{"line":27,"column":0},"end":{"line":27,"column":61}},"27":{"start":{"line":28,"column":0},"end":{"line":28,"column":13}},"28":{"start":{"line":29,"column":0},"end":{"line":29,"column":16}},"29":{"start":{"line":30,"column":0},"end":{"line":30,"column":46}},"30":{"start":{"line":31,"column":0},"end":{"line":31,"column":37}},"31":{"start":{"line":32,"column":0},"end":{"line":32,"column":8}},"32":{"start":{"line":33,"column":0},"end":{"line":33,"column":46}},"33":{"start":{"line":34,"column":0},"end":{"line":34,"column":19}},"34":{"start":{"line":35,"column":0},"end":{"line":35,"column":14}},"35":{"start":{"line":36,"column":0},"end":{"line":36,"column":3}},"36":{"start":{"line":37,"column":0},"end":{"line":37,"column":0}},"37":{"start":{"line":38,"column":0},"end":{"line":38,"column":26}},"38":{"start":{"line":39,"column":0},"end":{"line":39,"column":27}},"39":{"start":{"line":40,"column":0},"end":{"line":40,"column":0}},"40":{"start":{"line":41,"column":0},"end":{"line":41,"column":54}},"41":{"start":{"line":42,"column":0},"end":{"line":42,"column":38}},"42":{"start":{"line":43,"column":0},"end":{"line":43,"column":71}},"43":{"start":{"line":44,"column":0},"end":{"line":44,"column":6}},"44":{"start":{"line":45,"column":0},"end":{"line":45,"column":73}},"45":{"start":{"line":46,"column":0},"end":{"line":46,"column":0}},"46":{"start":{"line":47,"column":0},"end":{"line":47,"column":27}},"47":{"start":{"line":48,"column":0},"end":{"line":48,"column":64}},"48":{"start":{"line":49,"column":0},"end":{"line":49,"column":12}},"49":{"start":{"line":50,"column":0},"end":{"line":50,"column":5}},"50":{"start":{"line":51,"column":0},"end":{"line":51,"column":0}},"51":{"start":{"line":52,"column":0},"end":{"line":52,"column":40}},"52":{"start":{"line":53,"column":0},"end":{"line":53,"column":43}},"53":{"start":{"line":54,"column":0},"end":{"line":54,"column":0}},"54":{"start":{"line":55,"column":0},"end":{"line":55,"column":61}},"55":{"start":{"line":56,"column":0},"end":{"line":56,"column":31}},"56":{"start":{"line":57,"column":0},"end":{"line":57,"column":24}},"57":{"start":{"line":58,"column":0},"end":{"line":58,"column":30}},"58":{"start":{"line":59,"column":0},"end":{"line":59,"column":14}},"59":{"start":{"line":60,"column":0},"end":{"line":60,"column":7}},"60":{"start":{"line":61,"column":0},"end":{"line":61,"column":5}},"61":{"start":{"line":62,"column":0},"end":{"line":62,"column":0}},"62":{"start":{"line":63,"column":0},"end":{"line":63,"column":52}},"63":{"start":{"line":64,"column":0},"end":{"line":64,"column":3}},"64":{"start":{"line":65,"column":0},"end":{"line":65,"column":0}},"65":{"start":{"line":66,"column":0},"end":{"line":66,"column":18}},"66":{"start":{"line":67,"column":0},"end":{"line":67,"column":1}},"67":{"start":{"line":68,"column":0},"end":{"line":68,"column":0}},"68":{"start":{"line":69,"column":0},"end":{"line":69,"column":3}},"69":{"start":{"line":70,"column":0},"end":{"line":70,"column":73}},"70":{"start":{"line":71,"column":0},"end":{"line":71,"column":63}},"71":{"start":{"line":72,"column":0},"end":{"line":72,"column":3}},"72":{"start":{"line":73,"column":0},"end":{"line":73,"column":43}},"73":{"start":{"line":74,"column":0},"end":{"line":74,"column":23}},"74":{"start":{"line":75,"column":0},"end":{"line":75,"column":22}},"75":{"start":{"line":76,"column":0},"end":{"line":76,"column":17}},"76":{"start":{"line":77,"column":0},"end":{"line":77,"column":11}},"77":{"start":{"line":78,"column":0},"end":{"line":78,"column":62}},"78":{"start":{"line":79,"column":0},"end":{"line":79,"column":1}}},"s":{"0":1,"1":1,"2":1,"3":1,"4":1,"5":1,"6":1,"7":1,"8":1,"9":1,"10":1,"11":1,"12":1,"13":3610,"14":3610,"15":3610,"16":1207,"17":1207,"18":2403,"19":2403,"20":2403,"21":1,"22":1,"23":1,"24":1,"25":1,"26":1,"27":1201,"28":1201,"29":1201,"30":1201,"31":1201,"32":1201,"33":1201,"34":0,"35":0,"36":1201,"37":1201,"38":1201,"39":1201,"40":1201,"41":1203,"42":3606,"43":1203,"44":1203,"45":1203,"46":1203,"47":0,"48":0,"49":0,"50":1203,"51":1203,"52":1203,"53":1203,"54":1203,"55":1838,"56":1838,"57":1203,"58":1203,"59":1203,"60":1838,"61":1203,"62":1203,"63":1203,"64":1201,"65":1201,"66":1201,"67":1,"68":1,"69":1,"70":1,"71":1,"72":1,"73":2,"74":2,"75":2,"76":2,"77":2,"78":2},"branchMap":{"0":{"type":"branch","line":13,"loc":{"start":{"line":13,"column":7},"end":{"line":21,"column":1}},"locations":[{"start":{"line":13,"column":7},"end":{"line":21,"column":1}}]},"1":{"type":"branch","line":16,"loc":{"start":{"line":16,"column":33},"end":{"line":18,"column":3}},"locations":[{"start":{"line":16,"column":33},"end":{"line":18,"column":3}}]},"2":{"type":"branch","line":18,"loc":{"start":{"line":18,"column":2},"end":{"line":21,"column":1}},"locations":[{"start":{"line":18,"column":2},"end":{"line":21,"column":1}}]},"3":{"type":"branch","line":27,"loc":{"start":{"line":27,"column":7},"end":{"line":67,"column":1}},"locations":[{"start":{"line":27,"column":7},"end":{"line":67,"column":1}}]},"4":{"type":"branch","line":34,"loc":{"start":{"line":34,"column":18},"end":{"line":36,"column":3}},"locations":[{"start":{"line":34,"column":18},"end":{"line":36,"column":3}}]},"5":{"type":"branch","line":41,"loc":{"start":{"line":41,"column":27},"end":{"line":41,"column":53}},"locations":[{"start":{"line":41,"column":27},"end":{"line":41,"column":53}}]},"6":{"type":"branch","line":41,"loc":{"start":{"line":41,"column":53},"end":{"line":64,"column":3}},"locations":[{"start":{"line":41,"column":53},"end":{"line":64,"column":3}}]},"7":{"type":"branch","line":47,"loc":{"start":{"line":47,"column":26},"end":{"line":50,"column":5}},"locations":[{"start":{"line":47,"column":26},"end":{"line":50,"column":5}}]},"8":{"type":"branch","line":55,"loc":{"start":{"line":55,"column":60},"end":{"line":61,"column":5}},"locations":[{"start":{"line":55,"column":60},"end":{"line":61,"column":5}}]},"9":{"type":"branch","line":57,"loc":{"start":{"line":57,"column":23},"end":{"line":60,"column":7}},"locations":[{"start":{"line":57,"column":23},"end":{"line":60,"column":7}}]},"10":{"type":"branch","line":42,"loc":{"start":{"line":42,"column":29},"end":{"line":43,"column":71}},"locations":[{"start":{"line":42,"column":29},"end":{"line":43,"column":71}}]},"11":{"type":"branch","line":43,"loc":{"start":{"line":43,"column":60},"end":{"line":43,"column":71}},"locations":[{"start":{"line":43,"column":60},"end":{"line":43,"column":71}}]},"12":{"type":"branch","line":45,"loc":{"start":{"line":45,"column":39},"end":{"line":45,"column":70}},"locations":[{"start":{"line":45,"column":39},"end":{"line":45,"column":70}}]},"13":{"type":"branch","line":73,"loc":{"start":{"line":73,"column":7},"end":{"line":79,"column":1}},"locations":[{"start":{"line":73,"column":7},"end":{"line":79,"column":1}}]}},"b":{"0":[3610],"1":[1207],"2":[2403],"3":[1201],"4":[0],"5":[1203],"6":[1203],"7":[0],"8":[1838],"9":[1203],"10":[3606],"11":[1206],"12":[3606],"13":[2]},"fnMap":{"0":{"name":"getQuestionSelectionWeight","decl":{"start":{"line":13,"column":7},"end":{"line":21,"column":1}},"loc":{"start":{"line":13,"column":7},"end":{"line":21,"column":1}},"line":13},"1":{"name":"selectItemsForTest","decl":{"start":{"line":27,"column":7},"end":{"line":67,"column":1}},"loc":{"start":{"line":27,"column":7},"end":{"line":67,"column":1}},"line":27},"2":{"name":"getDelayedRetryInsertIndex","decl":{"start":{"line":73,"column":7},"end":{"line":79,"column":1}},"loc":{"start":{"line":73,"column":7},"end":{"line":79,"column":1}},"line":73}},"f":{"0":3610,"1":1201,"2":2}}
}
