TN:
SF:lib/content/content-display.ts
FN:4,getLocalizedText
FN:19,getSpeciesImageUrl
FN:46,getSpeciesDescription
FN:56,getSpeciesImagesWithUrls
FNF:4
FNH:1
FNDA:50,getLocalizedText
FNDA:0,getSpeciesImageUrl
FNDA:0,getSpeciesDescription
FNDA:0,getSpeciesImagesWithUrls
DA:1,1
DA:2,1
DA:3,1
DA:4,1
DA:5,50
DA:6,50
DA:7,50
DA:8,50
DA:9,50
DA:10,3
DA:11,3
DA:12,3
DA:13,3
DA:14,0
DA:15,50
DA:16,50
DA:17,1
DA:18,1
DA:19,1
DA:20,0
DA:21,0
DA:22,0
DA:23,0
DA:24,0
DA:25,0
DA:26,0
DA:27,0
DA:28,0
DA:29,0
DA:30,0
DA:31,0
DA:32,0
DA:33,0
DA:34,0
DA:35,0
DA:36,0
DA:37,0
DA:38,0
DA:39,0
DA:40,0
DA:41,0
DA:42,0
DA:43,0
DA:44,1
DA:45,1
DA:46,1
DA:47,0
DA:48,0
DA:49,0
DA:50,0
DA:51,0
DA:52,0
DA:53,0
DA:54,1
DA:55,1
DA:56,1
DA:57,0
DA:58,0
DA:59,0
DA:60,0
DA:61,0
DA:62,0
DA:63,0
DA:64,0
DA:65,0
DA:66,0
DA:67,0
DA:68,0
DA:69,0
DA:70,0
DA:71,0
LF:71
LH:24
BRDA:4,0,0,50
BRDA:8,1,0,47
BRDA:8,2,0,3
BRDA:9,3,0,0
BRDA:9,4,0,3
BRDA:12,5,0,0
BRDA:13,6,0,0
BRDA:15,7,0,0
BRDA:15,8,0,0
BRDA:15,9,0,0
BRF:10
BRH:4
end_of_record
TN:
SF:lib/content/species-taxonomy-tree.ts
FN:124,getTaxonomyEntryByRank
FN:132,getFallbackTaxonomyLabels
FN:151,getLocalizedFallbackSecondaryLabel
FN:173,createRankDescriptor
FN:212,createLeafNode
FN:233,sortHierarchyNodes
FN:254,nodeContainsFocusTarget
FN:275,findSpeciesTaxonomyNodePathInternal
FN:299,findSpeciesTaxonomyNodePath
FN:315,buildExpandedSpeciesTaxonomyNodeIds
FN:344,finalizeBranch
FN:372,buildSpeciesTaxonomyTree
FNF:12
FNH:12
FNDA:35,getTaxonomyEntryByRank
FNDA:35,getFallbackTaxonomyLabels
FNDA:35,getLocalizedFallbackSecondaryLabel
FNDA:35,createRankDescriptor
FNDA:5,createLeafNode
FNDA:1,sortHierarchyNodes
FNDA:21,nodeContainsFocusTarget
FNDA:4,findSpeciesTaxonomyNodePathInternal
FNDA:1,findSpeciesTaxonomyNodePath
FNDA:1,buildExpandedSpeciesTaxonomyNodeIds
FNDA:28,finalizeBranch
FNDA:4,buildSpeciesTaxonomyTree
DA:1,1
DA:2,1
DA:3,1
DA:4,1
DA:5,1
DA:6,1
DA:7,1
DA:8,1
DA:9,1
DA:10,1
DA:11,1
DA:12,1
DA:13,1
DA:14,1
DA:15,1
DA:16,1
DA:17,1
DA:18,1
DA:19,1
DA:20,1
DA:21,1
DA:22,1
DA:23,1
DA:24,1
DA:25,1
DA:26,1
DA:27,1
DA:28,1
DA:29,1
DA:30,1
DA:31,1
DA:32,1
DA:33,1
DA:34,1
DA:35,1
DA:36,1
DA:37,1
DA:38,1
DA:39,1
DA:40,1
DA:41,1
DA:42,1
DA:43,1
DA:44,1
DA:45,1
DA:46,1
DA:47,1
DA:48,1
DA:49,1
DA:50,1
DA:51,1
DA:52,1
DA:53,1
DA:54,1
DA:55,1
DA:56,1
DA:57,1
DA:58,1
DA:59,1
DA:60,1
DA:61,1
DA:62,1
DA:63,1
DA:64,1
DA:65,1
DA:66,1
DA:67,1
DA:68,1
DA:69,1
DA:70,1
DA:71,1
DA:72,1
DA:73,1
DA:74,1
DA:75,1
DA:76,1
DA:77,1
DA:78,1
DA:79,1
DA:80,1
DA:81,1
DA:82,1
DA:83,1
DA:84,1
DA:85,1
DA:86,1
DA:87,1
DA:88,1
DA:89,1
DA:90,1
DA:91,1
DA:92,1
DA:93,1
DA:94,1
DA:95,1
DA:96,1
DA:97,1
DA:98,1
DA:99,1
DA:100,1
DA:101,1
DA:102,1
DA:103,1
DA:104,1
DA:105,1
DA:106,1
DA:107,1
DA:108,1
DA:109,1
DA:110,1
DA:111,1
DA:112,1
DA:113,1
DA:114,1
DA:115,1
DA:116,1
DA:117,1
DA:118,1
DA:119,1
DA:120,1
DA:121,1
DA:122,1
DA:123,1
DA:124,35
DA:125,35
DA:126,35
DA:127,35
DA:128,35
DA:129,35
DA:130,35
DA:131,1
DA:132,35
DA:133,35
DA:134,35
DA:135,35
DA:136,35
DA:137,5
DA:138,5
DA:139,5
DA:140,5
DA:141,30
DA:142,35
DA:143,5
DA:144,5
DA:145,5
DA:146,5
DA:147,25
DA:148,25
DA:149,25
DA:150,1
DA:151,35
DA:152,35
DA:153,35
DA:154,35
DA:155,35
DA:156,35
DA:157,5
DA:158,5
DA:159,5
DA:160,5
DA:161,5
DA:162,30
DA:163,35
DA:164,5
DA:165,5
DA:166,5
DA:167,5
DA:168,5
DA:169,25
DA:170,25
DA:171,25
DA:172,1
DA:173,35
DA:174,35
DA:175,35
DA:176,35
DA:177,35
DA:178,35
DA:179,35
DA:180,35
DA:181,35
DA:182,35
DA:183,35
DA:184,35
DA:185,35
DA:186,35
DA:187,35
DA:188,35
DA:189,35
DA:190,35
DA:191,35
DA:192,35
DA:193,35
DA:194,35
DA:195,35
DA:196,35
DA:197,35
DA:198,35
DA:199,35
DA:200,0
DA:201,35
DA:202,35
DA:203,35
DA:204,35
DA:205,35
DA:206,35
DA:207,35
DA:208,35
DA:209,35
DA:210,35
DA:211,1
DA:212,5
DA:213,5
DA:214,5
DA:215,5
DA:216,5
DA:217,5
DA:218,5
DA:219,5
DA:220,5
DA:221,5
DA:222,5
DA:223,5
DA:224,5
DA:225,5
DA:226,5
DA:227,5
DA:228,3
DA:229,5
DA:230,5
DA:231,5
DA:232,1
DA:233,1
DA:234,1
DA:235,1
DA:236,1
DA:237,1
DA:238,1
DA:239,1
DA:240,1
DA:241,0
DA:242,0
DA:243,1
DA:244,1
DA:245,1
DA:246,0
DA:247,1
DA:248,1
DA:249,0
DA:250,1
DA:251,1
DA:252,1
DA:253,1
DA:254,21
DA:255,21
DA:256,21
DA:257,21
DA:258,21
DA:259,0
DA:260,0
DA:261,21
DA:262,21
DA:263,6
DA:264,6
DA:265,15
DA:266,15
DA:267,15
DA:268,15
DA:269,15
DA:270,15
DA:271,0
DA:272,0
DA:273,0
DA:274,1
DA:275,4
DA:276,4
DA:277,4
DA:278,4
DA:279,4
DA:280,4
DA:281,1
DA:282,1
DA:283,3
DA:284,3
DA:285,3
DA:286,3
DA:287,3
DA:288,3
DA:289,3
DA:290,3
DA:291,3
DA:292,3
DA:293,4
DA:294,0
DA:295,0
DA:296,0
DA:297,1
DA:298,1
DA:299,1
DA:300,1
DA:301,1
DA:302,1
DA:303,1
DA:304,0
DA:305,0
DA:306,1
DA:307,1
DA:308,1
DA:309,1
DA:310,1
DA:311,1
DA:312,1
DA:313,1
DA:314,1
DA:315,1
DA:316,1
DA:317,1
DA:318,1
DA:319,1
DA:320,1
DA:321,0
DA:322,0
DA:323,1
DA:324,1
DA:325,1
DA:326,1
DA:327,4
DA:328,1
DA:329,1
DA:330,1
DA:331,1
DA:332,1
DA:333,4
DA:334,4
DA:335,1
DA:336,1
DA:337,3
DA:338,3
DA:339,3
DA:340,1
DA:341,1
DA:342,1
DA:343,1
DA:344,28
DA:345,28
DA:346,28
DA:347,28
DA:348,28
DA:349,28
DA:350,28
DA:351,29
DA:352,28
DA:353,28
DA:354,28
DA:355,28
DA:356,28
DA:357,28
DA:358,28
DA:359,28
DA:360,28
DA:361,28
DA:362,28
DA:363,7
DA:364,6
DA:365,6
DA:366,7
DA:367,28
DA:368,28
DA:369,28
DA:370,1
DA:371,1
DA:372,1
DA:373,4
DA:374,4
DA:375,4
DA:376,4
DA:377,4
DA:378,5
DA:379,5
DA:380,5
DA:381,5
DA:382,35
DA:383,35
DA:384,35
DA:385,35
DA:386,35
DA:387,35
DA:388,35
DA:389,35
DA:390,35
DA:391,35
DA:392,35
DA:393,7
DA:394,7
DA:395,7
DA:396,7
DA:397,28
DA:398,28
DA:399,28
DA:400,28
DA:401,28
DA:402,28
DA:403,23
DA:404,35
DA:405,35
DA:406,0
DA:407,35
DA:408,35
DA:409,35
DA:410,35
DA:411,35
DA:412,35
DA:413,35
DA:414,5
DA:415,5
DA:416,5
DA:417,5
DA:418,5
DA:419,5
DA:420,4
DA:421,4
DA:422,4
DA:423,4
DA:424,4
DA:425,4
DA:426,4
LF:426
LH:408
BRDA:124,0,0,35
BRDA:129,1,0,28
BRDA:129,2,0,112
BRDA:132,3,0,35
BRDA:136,4,0,5
BRDA:140,5,0,30
BRDA:142,6,0,5
BRDA:146,7,0,25
BRDA:151,8,0,35
BRDA:156,9,0,5
BRDA:161,10,0,30
BRDA:163,11,0,5
BRDA:168,12,0,25
BRDA:173,13,0,35
BRDA:185,14,0,28
BRDA:185,15,0,7
BRDA:188,16,0,28
BRDA:197,17,0,5
BRDA:199,18,0,0
BRDA:199,19,0,0
BRDA:205,20,0,28
BRDA:205,21,0,7
BRDA:205,22,0,5
BRDA:207,23,0,30
BRDA:207,24,0,5
BRDA:208,25,0,0
BRDA:212,26,0,5
BRDA:227,27,0,3
BRDA:228,28,0,3
BRDA:228,29,0,2
BRDA:233,30,0,1
BRDA:240,31,0,0
BRDA:245,32,0,0
BRDA:248,33,0,0
BRDA:254,34,0,21
BRDA:258,35,0,0
BRDA:262,36,0,6
BRDA:264,37,0,15
BRDA:270,38,0,0
BRDA:267,39,0,15
BRDA:275,40,0,4
BRDA:280,41,0,1
BRDA:282,42,0,3
BRDA:293,43,0,0
BRDA:299,44,0,1
BRDA:303,45,0,0
BRDA:315,46,0,1
BRDA:320,47,0,0
BRDA:332,48,0,4
BRDA:332,49,0,4
BRDA:334,50,0,1
BRDA:336,51,0,3
BRDA:326,52,0,4
BRDA:329,53,0,4
BRDA:344,54,0,28
BRDA:358,55,0,23
BRDA:358,56,0,5
BRDA:359,57,0,0
BRDA:362,58,0,7
BRDA:363,59,0,6
BRDA:350,60,0,29
BRDA:351,61,0,24
BRDA:351,62,0,5
BRDA:364,63,0,6
BRDA:372,64,0,4
BRDA:377,65,0,5
BRDA:381,66,0,35
BRDA:392,67,0,7
BRDA:392,68,0,7
BRDA:396,69,0,28
BRDA:403,70,0,23
BRDA:403,71,0,5
BRDA:406,72,0,0
BRDA:406,73,0,28
BRDA:423,74,0,4
BRDA:424,75,0,0
BRF:76
BRH:62
end_of_record
