TN:
SF:lib/tests/test-session.ts
FN:13,getQuestionSelectionWeight
FN:27,selectItemsForTest
FN:73,getDelayedRetryInsertIndex
FNF:3
FNH:3
FNDA:3610,getQuestionSelectionWeight
FNDA:1201,selectItemsForTest
FNDA:2,getDelayedRetryInsertIndex
DA:1,1
DA:2,1
DA:3,1
DA:4,1
DA:5,1
DA:6,1
DA:7,1
DA:8,1
DA:9,1
DA:10,1
DA:11,1
DA:12,1
DA:13,1
DA:14,3610
DA:15,3610
DA:16,3610
DA:17,1207
DA:18,1207
DA:19,2403
DA:20,2403
DA:21,2403
DA:22,1
DA:23,1
DA:24,1
DA:25,1
DA:26,1
DA:27,1
DA:28,1201
DA:29,1201
DA:30,1201
DA:31,1201
DA:32,1201
DA:33,1201
DA:34,1201
DA:35,0
DA:36,0
DA:37,1201
DA:38,1201
DA:39,1201
DA:40,1201
DA:41,1201
DA:42,1203
DA:43,3606
DA:44,1203
DA:45,1203
DA:46,1203
DA:47,1203
DA:48,0
DA:49,0
DA:50,0
DA:51,1203
DA:52,1203
DA:53,1203
DA:54,1203
DA:55,1203
DA:56,1838
DA:57,1838
DA:58,1203
DA:59,1203
DA:60,1203
DA:61,1838
DA:62,1203
DA:63,1203
DA:64,1203
DA:65,1201
DA:66,1201
DA:67,1201
DA:68,1
DA:69,1
DA:70,1
DA:71,1
DA:72,1
DA:73,1
DA:74,2
DA:75,2
DA:76,2
DA:77,2
DA:78,2
DA:79,2
LF:79
LH:74
BRDA:13,0,0,3610
BRDA:16,1,0,1207
BRDA:18,2,0,2403
BRDA:27,3,0,1201
BRDA:34,4,0,0
BRDA:41,5,0,1203
BRDA:41,6,0,1203
BRDA:47,7,0,0
BRDA:55,8,0,1838
BRDA:57,9,0,1203
BRDA:42,10,0,3606
BRDA:43,11,0,1206
BRDA:45,12,0,3606
BRDA:73,13,0,2
BRF:14
BRH:12
end_of_record
